{
  "completed": "2025-11-05T02:17:19.759540",
  "total_fields": 70,
  "success": 23,
  "created_with_errors": 46,
  "failed": 1,
  "results": [
    {
      "field": "Quantum Mechanics",
      "status": "created_with_errors",
      "file": "/Users/noone/QuLabInfinite/quantum_mechanics_lab.py",
      "error": "/Users/noone/QuLabInfinite/quantum_mechanics_lab.py:68: SyntaxWarning: invalid escape sequence '\\p'\n  ax.plot(x_vals, y_vals, label='|\\psi|^2')\n/Users/noone/QuLabInfinite/quantum_mechanics_lab.py:85: RuntimeWarning: divide by zero encountered in scalar divide\n  hamiltonian_matrix = -hbar**2 / (2 * e) * np.array([[i + j + 1 if i != j else -(j+1)/np.sqrt(j*(j+1)) for i in range(quantum_sys.num_states)] for j in range(quantum_sys.num_states)], dtype=np.float64)\n/Users/noone/QuLabInfinite/quantum_me"
    },
    {
      "field": "Nuclear Physics",
      "status": "created_with_errors",
      "file": "/Users/noone/QuLabInfinite/nuclear_physics_lab.py",
      "error": "  File \"/Users/noone/QuLabInfinite/nuclear_physics_lab.py\", line 94\n    def Nucleus.atomic_mass(nucleus: Nucleus) -> float:\n               ^\nSyntaxError: expected '('\n"
    },
    {
      "field": "Particle Physics",
      "status": "created_with_errors",
      "file": "/Users/noone/QuLabInfinite/particle_physics_lab.py",
      "error": "  File \"/Users/noone/QuLabInfinite/particle_physics_lab.py\", line 33\n    def add_particles(sim_params: SimulationParameters, particle_data_list: List[Tuple[str, float, float, Tuple[float, float, float], Tuple[float, float, float])]):\n                                                                                                                                                                ^\nSyntaxError: closing parenthesis ')' does not match opening parenthesis '['\n"
    },
    {
      "field": "Astrophysics",
      "status": "created_with_errors",
      "file": "/Users/noone/QuLabInfinite/astrophysics_lab.py",
      "error": "Traceback (most recent call last):\n  File \"/Users/noone/QuLabInfinite/astrophysics_lab.py\", line 10, in <module>\n    SOLAR_MASS = constants.M_sun  # Solar mass\n                 ^^^^^^^^^^^^^^^\nAttributeError: module 'scipy.constants' has no attribute 'M_sun'\n"
    },
    {
      "field": "Condensed Matter Physics",
      "status": "success",
      "file": "/Users/noone/QuLabInfinite/condensed_matter_physics_lab.py",
      "size": 2667,
      "time": 105.91289281845093
    },
    {
      "field": "Fluid Dynamics",
      "status": "created_with_errors",
      "file": "/Users/noone/QuLabInfinite/fluid_dynamics_lab.py",
      "error": "Traceback (most recent call last):\n  File \"/Users/noone/QuLabInfinite/fluid_dynamics_lab.py\", line 184, in <module>\n    run_demo()\n    ~~~~~~~~^^\n  File \"/Users/noone/QuLabInfinite/fluid_dynamics_lab.py\", line 166, in run_demo\n    sim.run()\n    ~~~~~~~^^\n  File \"/Users/noone/QuLabInfinite/fluid_dynamics_lab.py\", line 147, in run\n    self.velocity_x, self.velocity_y, self.temperature = update_velocity_and_temperature(\n                                                         ~~~~~~~~~~~~~~~~~~~~~~"
    },
    {
      "field": "Thermodynamics",
      "status": "created_with_errors",
      "file": "/Users/noone/QuLabInfinite/thermodynamics_lab.py",
      "error": "Traceback (most recent call last):\n  File \"/Users/noone/QuLabInfinite/thermodynamics_lab.py\", line 13, in <module>\n    @dataclass\n     ^^^^^^^^^\n  File \"/Users/noone/miniconda3/lib/python3.13/dataclasses.py\", line 1305, in dataclass\n    return wrap(cls)\n  File \"/Users/noone/miniconda3/lib/python3.13/dataclasses.py\", line 1295, in wrap\n    return _process_class(cls, init, repr, eq, order, unsafe_hash,\n                          frozen, match_args, kw_only, slots,\n                          weakref_"
    },
    {
      "field": "Electromagnetism",
      "status": "created_with_errors",
      "file": "/Users/noone/QuLabInfinite/electromagnetism_lab.py",
      "error": "Traceback (most recent call last):\n  File \"/Users/noone/QuLabInfinite/electromagnetism_lab.py\", line 128, in <module>\n    run_demo()\n    ~~~~~~~~^^\n  File \"/Users/noone/QuLabInfinite/electromagnetism_lab.py\", line 124, in run_demo\n    magnetic_field_helmholtz = helmholtz_coils.magnetic_field(np.array([-0.8, 0.9, -1.0]))\n  File \"/Users/noone/QuLabInfinite/electromagnetism_lab.py\", line 95, in magnetic_field\n    B_1 = np.array([B_z_0 * (-sin_theta_1), 0.0, B_z_1 * cos_theta_1])\n                   "
    },
    {
      "field": "Optics and Photonics",
      "status": "created_with_errors",
      "file": "/Users/noone/QuLabInfinite/optics_and_photonics_lab.py",
      "error": "Traceback (most recent call last):\n  File \"/Users/noone/QuLabInfinite/optics_and_photonics_lab.py\", line 129, in <module>\n    run_demo()\n    ~~~~~~~~^^\n  File \"/Users/noone/QuLabInfinite/optics_and_photonics_lab.py\", line 117, in run_demo\n    phase_shift = optical_system.phase_shift()\n  File \"/Users/noone/QuLabInfinite/optics_and_photonics_lab.py\", line 73, in phase_shift\n    wave_properties = WaveProperties(wavelength=self.beam.wavelength)\n                                                ^^^^^^^"
    },
    {
      "field": "Plasma Physics",
      "status": "success",
      "file": "/Users/noone/QuLabInfinite/plasma_physics_lab.py",
      "size": 2083,
      "time": 57.810816049575806
    },
    {
      "field": "Organic Chemistry",
      "status": "created_with_errors",
      "file": "/Users/noone/QuLabInfinite/organic_chemistry_lab.py",
      "error": "Traceback (most recent call last):\n  File \"/Users/noone/QuLabInfinite/organic_chemistry_lab.py\", line 35, in <module>\n    class MoleculeGeometry:\n        molecule: Molecule\n        coordinates: np.ndarray[float64] = field(default_factory=lambda: np.zeros((0, 3)))\n  File \"/Users/noone/QuLabInfinite/organic_chemistry_lab.py\", line 37, in MoleculeGeometry\n    coordinates: np.ndarray[float64] = field(default_factory=lambda: np.zeros((0, 3)))\n                            ^^^^^^^\nNameError: name 'float"
    },
    {
      "field": "Inorganic Chemistry",
      "status": "created_with_errors",
      "file": "/Users/noone/QuLabInfinite/inorganic_chemistry_lab.py",
      "error": "Traceback (most recent call last):\n  File \"/Users/noone/QuLabInfinite/inorganic_chemistry_lab.py\", line 81, in <module>\n    run_demo()\n    ~~~~~~~~^^\n  File \"/Users/noone/QuLabInfinite/inorganic_chemistry_lab.py\", line 77, in run_demo\n    water_solution = create_solution(\"NaCl\", \"H2O\", concentration_mol_per_liter=0.1)\n  File \"/Users/noone/QuLabInfinite/inorganic_chemistry_lab.py\", line 61, in create_solution\n    solute = create_compound(solute_formula)\n  File \"/Users/noone/QuLabInfinite/inorgani"
    },
    {
      "field": "Physical Chemistry",
      "status": "created_with_errors",
      "file": "/Users/noone/QuLabInfinite/physical_chemistry_lab.py",
      "error": "/Users/noone/QuLabInfinite/physical_chemistry_lab.py:62: RuntimeWarning: invalid value encountered in divide\n  force += 48 * (pi**(1/6))**2 * np.power((np.abs(rij_distance) + pi**(-1/3)), -7) * (rij_vector / rij_distance)\nTraceback (most recent call last):\n  File \"/Users/noone/QuLabInfinite/physical_chemistry_lab.py\", line 101, in <module>\n    run_demo()\n    ~~~~~~~~^^\n  File \"/Users/noone/QuLabInfinite/physical_chemistry_lab.py\", line 94, in run_demo\n    energy_analysis = analyze_box_energy(box"
    },
    {
      "field": "Analytical Chemistry",
      "status": "created_with_errors",
      "file": "/Users/noone/QuLabInfinite/analytical_chemistry_lab.py",
      "error": "Traceback (most recent call last):\n  File \"/Users/noone/QuLabInfinite/analytical_chemistry_lab.py\", line 76, in <module>\n    run_demo()\n    ~~~~~~~~^^\n  File \"/Users/noone/QuLabInfinite/analytical_chemistry_lab.py\", line 56, in run_demo\n    print(\"Sample mass:\", exp.sample_mass, \"g\")\n                          ^^^^^^^^^^^^^^^\n  File \"/Users/noone/QuLabInfinite/analytical_chemistry_lab.py\", line 24, in sample_mass\n    return self.moles_sample * physical_constants['molar mass of H2O'][0]\n          "
    },
    {
      "field": "Biochemistry",
      "status": "success",
      "file": "/Users/noone/QuLabInfinite/biochemistry_lab.py",
      "size": 3512,
      "time": 108.1473159790039
    },
    {
      "field": "Polymer Chemistry",
      "status": "success",
      "file": "/Users/noone/QuLabInfinite/polymer_chemistry_lab.py",
      "size": 2790,
      "time": 71.67012572288513
    },
    {
      "field": "Materials Chemistry",
      "status": "success",
      "file": "/Users/noone/QuLabInfinite/materials_chemistry_lab.py",
      "size": 2235,
      "time": 62.57661986351013
    },
    {
      "field": "Computational Chemistry",
      "status": "success",
      "file": "/Users/noone/QuLabInfinite/computational_chemistry_lab.py",
      "size": 2325,
      "time": 62.893730878829956
    },
    {
      "field": "Electrochemistry",
      "status": "created_with_errors",
      "file": "/Users/noone/QuLabInfinite/electrochemistry_lab.py",
      "error": "  File \"/Users/noone/QuLabInfinite/electrochemistry_lab.py\", line 3\n    from scipy.constants import elementary_charge as e, Faraday constant as F, Boltzmann constant as k_B, Avogadro constant as N_A\n                                                                ^^^^^^^^\nSyntaxError: invalid syntax\n"
    },
    {
      "field": "Catalysis",
      "status": "created_with_errors",
      "file": "/Users/noone/QuLabInfinite/catalysis_lab.py",
      "error": "Traceback (most recent call last):\n  File \"/Users/noone/QuLabInfinite/catalysis_lab.py\", line 76, in <module>\n    run_demo()\n    ~~~~~~~~^^\n  File \"/Users/noone/QuLabInfinite/catalysis_lab.py\", line 67, in run_demo\n    results = catalytic_process.simulate_reactions(time_steps)\n  File \"/Users/noone/QuLabInfinite/catalysis_lab.py\", line 47, in simulate_reactions\n    k = arrhenius_equation(reaction.rate_constant, reaction.catalyst.activation_energy, reaction.catalyst.temperature)\n  File \"/Users/noo"
    },
    {
      "field": "Molecular Biology",
      "status": "created_with_errors",
      "file": "/Users/noone/QuLabInfinite/molecular_biology_lab.py",
      "error": "Traceback (most recent call last):\n  File \"/Users/noone/QuLabInfinite/molecular_biology_lab.py\", line 185, in <module>\n    run_demo()\n    ~~~~~~~~^^\n  File \"/Users/noone/QuLabInfinite/molecular_biology_lab.py\", line 181, in run_demo\n    print(f\"Protein from mRNA translation ({protein_from_mrna2.identifier}_Protein): {protein_from_mrna2.sequence}\")\n                                            ^^^^^^^^^^^^^^^^^^^^^^^^^^^^^\nAttributeError: 'Protein' object has no attribute 'identifier'\n"
    },
    {
      "field": "Cell Biology",
      "status": "created_with_errors",
      "file": "/Users/noone/QuLabInfinite/cell_biology_lab.py",
      "error": "Traceback (most recent call last):\n  File \"/Users/noone/QuLabInfinite/cell_biology_lab.py\", line 10, in <module>\n    from scipy.constants import avogadro, pi\nImportError: cannot import name 'avogadro' from 'scipy.constants' (/Users/noone/miniconda3/lib/python3.13/site-packages/scipy/constants/__init__.py)\n"
    },
    {
      "field": "Genetics",
      "status": "success",
      "file": "/Users/noone/QuLabInfinite/genetics_lab.py",
      "size": 1868,
      "time": 48.296469926834106
    },
    {
      "field": "Neuroscience",
      "status": "success",
      "file": "/Users/noone/QuLabInfinite/neuroscience_lab.py",
      "size": 3236,
      "time": 91.02528691291809
    },
    {
      "field": "Immunology",
      "status": "success",
      "file": "/Users/noone/QuLabInfinite/immunology_lab.py",
      "size": 2459,
      "time": 68.40142488479614
    },
    {
      "field": "Microbiology",
      "status": "success",
      "file": "/Users/noone/QuLabInfinite/microbiology_lab.py",
      "size": 4280,
      "time": 116.44811201095581
    },
    {
      "field": "Ecology",
      "status": "created_with_errors",
      "file": "/Users/noone/QuLabInfinite/ecology_lab.py",
      "error": "Traceback (most recent call last):\n  File \"/Users/noone/QuLabInfinite/ecology_lab.py\", line 15, in <module>\n    DENSITY_WATER = scipy.constants.density_water0  # density of water at 0 degrees Celsius in kg/m^3\n                    ^^^^^^^^^^^^^^^^^^^^^^^^^^^^^^\nAttributeError: module 'scipy.constants' has no attribute 'density_water0'\n"
    },
    {
      "field": "Evolutionary Biology",
      "status": "created_with_errors",
      "file": "/Users/noone/QuLabInfinite/evolutionary_biology_lab.py",
      "error": "Traceback (most recent call last):\n  File \"/Users/noone/QuLabInfinite/evolutionary_biology_lab.py\", line 10, in <module>\n    from scipy.constants import golden, boltzmann, elementary_charge, avogadro\nImportError: cannot import name 'boltzmann' from 'scipy.constants' (/Users/noone/miniconda3/lib/python3.13/site-packages/scipy/constants/__init__.py)\n"
    },
    {
      "field": "Developmental Biology",
      "status": "success",
      "file": "/Users/noone/QuLabInfinite/developmental_biology_lab.py",
      "size": 3894,
      "time": 105.52632403373718
    },
    {
      "field": "Bioinformatics",
      "status": "created_with_errors",
      "file": "/Users/noone/QuLabInfinite/bioinformatics_lab.py",
      "error": "Traceback (most recent call last):\n  File \"/Users/noone/QuLabInfinite/bioinformatics_lab.py\", line 19, in <module>\n    class DNASequence:\n    ...<24 lines>...\n            return np.array(encoded, dtype=np.float64)\n  File \"/Users/noone/QuLabInfinite/bioinformatics_lab.py\", line 21, in DNASequence\n    length: int = field(init=False)\n                  ^^^^^\nNameError: name 'field' is not defined. Did you mean: 'find'?\n"
    },
    {
      "field": "Structural Engineering",
      "status": "created_with_errors",
      "file": "/Users/noone/QuLabInfinite/structural_engineering_lab.py",
      "error": "Traceback (most recent call last):\n  File \"/Users/noone/QuLabInfinite/structural_engineering_lab.py\", line 26, in <module>\n    @dataclass\n     ^^^^^^^^^\n  File \"/Users/noone/miniconda3/lib/python3.13/dataclasses.py\", line 1305, in dataclass\n    return wrap(cls)\n  File \"/Users/noone/miniconda3/lib/python3.13/dataclasses.py\", line 1295, in wrap\n    return _process_class(cls, init, repr, eq, order, unsafe_hash,\n                          frozen, match_args, kw_only, slots,\n                          "
    },
    {
      "field": "Electrical Engineering",
      "status": "created_with_errors",
      "file": "/Users/noone/QuLabInfinite/electrical_engineering_lab.py",
      "error": "Traceback (most recent call last):\n  File \"/Users/noone/QuLabInfinite/electrical_engineering_lab.py\", line 118, in <module>\n    run_demo()\n    ~~~~~~~~^^\n  File \"/Users/noone/QuLabInfinite/electrical_engineering_lab.py\", line 109, in run_demo\n    print(\"Series Capacitance and Parallel Capacitance (Farads):\", sim.capacitance_series_parallel())\n                                                                   ~~~~~~~~~~~~~~~~~~~~~~~~~~~~~~~^^\n  File \"/Users/noone/QuLabInfinite/electrical_engineer"
    },
    {
      "field": "Mechanical Engineering",
      "status": "created_with_errors",
      "file": "/Users/noone/QuLabInfinite/mechanical_engineering_lab.py",
      "error": "Traceback (most recent call last):\n  File \"/Users/noone/QuLabInfinite/mechanical_engineering_lab.py\", line 95, in <module>\n    run_demo()\n    ~~~~~~~~^^\n  File \"/Users/noone/QuLabInfinite/mechanical_engineering_lab.py\", line 87, in run_demo\n    beam_steel = Beam(length=10.0, width=0.05, height=0.1, material=steel,\n                      load_type='uniform', uniform_load_intensity=1000)  # N/m\n  File \"<string>\", line 10, in __init__\n  File \"/Users/noone/QuLabInfinite/mechanical_engineering_lab.py\""
    },
    {
      "field": "Chemical Engineering",
      "status": "success",
      "file": "/Users/noone/QuLabInfinite/chemical_engineering_lab.py",
      "size": 2896,
      "time": 67.79955720901489
    },
    {
      "field": "Aerospace Engineering",
      "status": "success",
      "file": "/Users/noone/QuLabInfinite/aerospace_engineering_lab.py",
      "size": 2409,
      "time": 75.69206809997559
    },
    {
      "field": "Biomedical Engineering",
      "status": "created_with_errors",
      "file": "/Users/noone/QuLabInfinite/biomedical_engineering_lab.py",
      "error": "Traceback (most recent call last):\n  File \"/Users/noone/QuLabInfinite/biomedical_engineering_lab.py\", line 99, in <module>\n    run_demo()\n    ~~~~~~~~^^\n  File \"/Users/noone/QuLabInfinite/biomedical_engineering_lab.py\", line 85, in run_demo\n    bme_signal.add_sinusoid(freq=5.0, amplitude=0.5)\n    ~~~~~~~~~~~~~~~~~~~~~~~^^^^^^^^^^^^^^^^^^^^^^^^^\n  File \"/Users/noone/QuLabInfinite/biomedical_engineering_lab.py\", line 33, in add_sinusoid\n    self.signal += amplitude * np.sin(2 * pi * freq * self.ti"
    },
    {
      "field": "Materials Science",
      "status": "created_with_errors",
      "file": "/Users/noone/QuLabInfinite/materials_science_lab.py",
      "error": "Traceback (most recent call last):\n  File \"/Users/noone/QuLabInfinite/materials_science_lab.py\", line 73, in <module>\n    run_demo()\n    ~~~~~~~~^^\n  File \"/Users/noone/QuLabInfinite/materials_science_lab.py\", line 62, in run_demo\n    energies, strains = simulate_phonon_dynamics([material1, material2], params)\n                        ~~~~~~~~~~~~~~~~~~~~~~~~^^^^^^^^^^^^^^^^^^^^^^^^^^^^^^^^\n  File \"/Users/noone/QuLabInfinite/materials_science_lab.py\", line 48, in simulate_phonon_dynamics\n    elas"
    },
    {
      "field": "Robotics",
      "status": "created_with_errors",
      "file": "/Users/noone/QuLabInfinite/robotics_lab.py",
      "error": "Traceback (most recent call last):\n  File \"/Users/noone/QuLabInfinite/robotics_lab.py\", line 67, in <module>\n    run_demo()\n    ~~~~~~~~^^\n  File \"/Users/noone/QuLabInfinite/robotics_lab.py\", line 62, in run_demo\n    torques = arm.compute_torques(x_desired, y_desired)\n  File \"/Users/noone/QuLabInfinite/robotics_lab.py\", line 54, in compute_torques\n    tau = J.T @ (self.Kp @ (q - self.q) + self.Kd @ (J @ self.dq - g)) + M @ self.ddq_desired\n                                                     ~~^"
    },
    {
      "field": "Control Systems",
      "status": "created_with_errors",
      "file": "/Users/noone/QuLabInfinite/control_systems_lab.py",
      "error": "Traceback (most recent call last):\n  File \"/Users/noone/QuLabInfinite/control_systems_lab.py\", line 97, in <module>\n    run_demo()\n    ~~~~~~~~^^\n  File \"/Users/noone/QuLabInfinite/control_systems_lab.py\", line 87, in run_demo\n    t_step, y_step = system.step_response(20)\n                     ~~~~~~~~~~~~~~~~~~~~^^^^\n  File \"/Users/noone/QuLabInfinite/control_systems_lab.py\", line 45, in step_response\n    x[:, i] = self.A @ x[:, i-1] + self.B * u[i]\n    ~^^^^^^\nValueError: could not broadcast in"
    },
    {
      "field": "Signal Processing",
      "status": "timeout"
    },
    {
      "field": "Drug Design",
      "status": "created_with_errors",
      "file": "/Users/noone/QuLabInfinite/drug_design_lab.py",
      "error": "Traceback (most recent call last):\n  File \"/Users/noone/QuLabInfinite/drug_design_lab.py\", line 64, in <module>\n    run_demo()\n    ~~~~~~~~^^\n  File \"/Users/noone/QuLabInfinite/drug_design_lab.py\", line 59, in run_demo\n    solubilities, lipophilicities = run_simulation(num_iterations)\n                                    ~~~~~~~~~~~~~~^^^^^^^^^^^^^^^^\n  File \"/Users/noone/QuLabInfinite/drug_design_lab.py\", line 51, in run_simulation\n    molecule = DrugMolecule(params)\nTypeError: DrugMolecule.__in"
    },
    {
      "field": "Pharmacology",
      "status": "created_with_errors",
      "file": "/Users/noone/QuLabInfinite/pharmacology_lab.py",
      "error": "Traceback (most recent call last):\n  File \"/Users/noone/QuLabInfinite/pharmacology_lab.py\", line 164, in <module>\n    run_demo()\n    ~~~~~~~~^^\n  File \"/Users/noone/QuLabInfinite/pharmacology_lab.py\", line 150, in run_demo\n    pk_model = Pharmacokinetics(dose=2.5, time_step=0.1, total_time=60)\nTypeError: Pharmacokinetics.__init__() got an unexpected keyword argument 'dose'. Did you mean '_dose'?\n"
    },
    {
      "field": "Toxicology",
      "status": "created_with_errors",
      "file": "/Users/noone/QuLabInfinite/toxicology_lab.py",
      "error": "Traceback (most recent call last):\n  File \"/Users/noone/QuLabInfinite/toxicology_lab.py\", line 91, in <module>\n    run_demo()\n    ~~~~~~~~^^\n  File \"/Users/noone/QuLabInfinite/toxicology_lab.py\", line 84, in run_demo\n    oral_max_conc, inhalation_max_conc, dermal_max_conc = sim.simulate_toxicity()\n                                                          ~~~~~~~~~~~~~~~~~~~~~^^\n  File \"/Users/noone/QuLabInfinite/toxicology_lab.py\", line 63, in simulate_toxicity\n    oral = self.oral_toxicity()\n  "
    },
    {
      "field": "Clinical Trials Simulation",
      "status": "success",
      "file": "/Users/noone/QuLabInfinite/clinical_trials_simulation_lab.py",
      "size": 2270,
      "time": 62.50184488296509
    },
    {
      "field": "Medical Imaging",
      "status": "created_with_errors",
      "file": "/Users/noone/QuLabInfinite/medical_imaging_lab.py",
      "error": "Traceback (most recent call last):\n  File \"/Users/noone/QuLabInfinite/medical_imaging_lab.py\", line 71, in <module>\n    run_demo()\n    ~~~~~~~~^^\n  File \"/Users/noone/QuLabInfinite/medical_imaging_lab.py\", line 65, in run_demo\n    image = simulator.run_simulation()\n  File \"/Users/noone/QuLabInfinite/medical_imaging_lab.py\", line 57, in run_simulation\n    mock_image = self.create_mock_image()\n  File \"/Users/noone/QuLabInfinite/medical_imaging_lab.py\", line 40, in create_mock_image\n    x, y, z = n"
    },
    {
      "field": "Genomics",
      "status": "created_with_errors",
      "file": "/Users/noone/QuLabInfinite/genomics_lab.py",
      "error": "Traceback (most recent call last):\n  File \"/Users/noone/QuLabInfinite/genomics_lab.py\", line 62, in <module>\n    run_demo()\n    ~~~~~~~~^^\n  File \"/Users/noone/QuLabInfinite/genomics_lab.py\", line 56, in run_demo\n    mw = genome_seq.calculate_molecular_weight()\n  File \"/Users/noone/QuLabInfinite/genomics_lab.py\", line 36, in calculate_molecular_weight\n    weights = {\"A\": codata.atom(\"carbon\", mass=True) + codata.u * 3, \"C\": codata.atom(\"carbon\", mass=True) + codata.u * 2,\n                    ^^^"
    },
    {
      "field": "Proteomics",
      "status": "created_with_errors",
      "file": "/Users/noone/QuLabInfinite/proteomics_lab.py",
      "error": "Traceback (most recent call last):\n  File \"/Users/noone/QuLabInfinite/proteomics_lab.py\", line 98, in <module>\n    run_demo()\n    ~~~~~~~~^^\n  File \"/Users/noone/QuLabInfinite/proteomics_lab.py\", line 91, in run_demo\n    lab = ProteomicsLab(['ACDE', 'FGHI'])\n  File \"<string>\", line 4, in __init__\n  File \"/Users/noone/QuLabInfinite/proteomics_lab.py\", line 73, in __post_init__\n    self.peptides = [Peptide(seq) for seq in self.peptide_sequences]\n                     ~~~~~~~^^^^^\n  File \"<string>\","
    },
    {
      "field": "Oncology",
      "status": "created_with_errors",
      "file": "/Users/noone/QuLabInfinite/oncology_lab.py",
      "error": "Traceback (most recent call last):\n  File \"/Users/noone/QuLabInfinite/oncology_lab.py\", line 95, in <module>\n    run_demo()\n    ~~~~~~~~^^\n  File \"/Users/noone/QuLabInfinite/oncology_lab.py\", line 92, in run_demo\n    print(f\"Tumor Volume Day-by-Day Response: {tivol_response[day_ints]}\")\n                                               ^^^^^^^^^^^^^^\nNameError: name 'tivol_response' is not defined. Did you mean: 'tvol_response'?\n"
    },
    {
      "field": "Cardiology",
      "status": "created_with_errors",
      "file": "/Users/noone/QuLabInfinite/cardiology_lab.py",
      "error": "Traceback (most recent call last):\n  File \"/Users/noone/QuLabInfinite/cardiology_lab.py\", line 81, in <module>\n    run_demo()\n    ~~~~~~~~^^\n  File \"/Users/noone/QuLabInfinite/cardiology_lab.py\", line 74, in run_demo\n    print(f\"ECG Signal: {ecg_simulation.voltage_signal[:10]}\")\n                         ^^^^^^^^^^^^^^^^^^^^^^^^^^^^^\n  File \"/Users/noone/QuLabInfinite/cardiology_lab.py\", line 45, in voltage_signal\n    amplitude_range_volt = np.linspace(0, const.V_pi/1000, int(self.period * 1000),"
    },
    {
      "field": "Neurology",
      "status": "created_with_errors",
      "file": "/Users/noone/QuLabInfinite/neurology_lab.py",
      "error": "Traceback (most recent call last):\n  File \"/Users/noone/QuLabInfinite/neurology_lab.py\", line 10, in <module>\n    from scipy.constants import pi, elementary_charge, boltzmann, epsilon_0\nImportError: cannot import name 'boltzmann' from 'scipy.constants' (/Users/noone/miniconda3/lib/python3.13/site-packages/scipy/constants/__init__.py)\n"
    },
    {
      "field": "Climate Modeling",
      "status": "created_with_errors",
      "file": "/Users/noone/QuLabInfinite/climate_modeling_lab.py",
      "error": "Traceback (most recent call last):\n  File \"/Users/noone/QuLabInfinite/climate_modeling_lab.py\", line 74, in <module>\n    run_demo()\n    ~~~~~~~~^^\n  File \"/Users/noone/QuLabInfinite/climate_modeling_lab.py\", line 67, in run_demo\n    model.run_simulation()\n    ~~~~~~~~~~~~~~~~~~~~^^\n  File \"/Users/noone/QuLabInfinite/climate_modeling_lab.py\", line 59, in run_simulation\n    self.calculate_temperature_change(day)\n    ~~~~~~~~~~~~~~~~~~~~~~~~~~~~~~~~~^^^^^\n  File \"/Users/noone/QuLabInfinite/climate_"
    },
    {
      "field": "Atmospheric Chemistry",
      "status": "success",
      "file": "/Users/noone/QuLabInfinite/atmospheric_chemistry_lab.py",
      "size": 3142,
      "time": 125.47068810462952
    },
    {
      "field": "Oceanography",
      "status": "created_with_errors",
      "file": "/Users/noone/QuLabInfinite/oceanography_lab.py",
      "error": "Traceback (most recent call last):\n  File \"/Users/noone/QuLabInfinite/oceanography_lab.py\", line 107, in <module>\n    run_demo()\n    ~~~~~~~~^^\n  File \"/Users/noone/QuLabInfinite/oceanography_lab.py\", line 99, in run_demo\n    model = OceanographicModel(params=params)\n  File \"<string>\", line 4, in __init__\n  File \"/Users/noone/QuLabInfinite/oceanography_lab.py\", line 81, in __post_init__\n    self.params.pressure_profile = np.array([_calculate_pressure(d, _density_of_seawater(t))\n                 "
    },
    {
      "field": "Geology",
      "status": "success",
      "file": "/Users/noone/QuLabInfinite/geology_lab.py",
      "size": 3852,
      "time": 163.4913580417633
    },
    {
      "field": "Seismology",
      "status": "success",
      "file": "/Users/noone/QuLabInfinite/seismology_lab.py",
      "size": 2500,
      "time": 502.38481998443604
    },
    {
      "field": "Meteorology",
      "status": "success",
      "file": "/Users/noone/QuLabInfinite/meteorology_lab.py",
      "size": 3069,
      "time": 1922.227855205536
    },
    {
      "field": "Hydrology",
      "status": "created_with_errors",
      "file": "/Users/noone/QuLabInfinite/hydrology_lab.py",
      "error": "Traceback (most recent call last):\n  File \"/Users/noone/QuLabInfinite/hydrology_lab.py\", line 13, in <module>\n    GRAVITY = scipy.constants.g  # Earth's gravitational acceleration in m/s^2\n              ^^^^^\nNameError: name 'scipy' is not defined\n"
    },
    {
      "field": "Environmental Engineering",
      "status": "created_with_errors",
      "file": "/Users/noone/QuLabInfinite/environmental_engineering_lab.py",
      "error": "Traceback (most recent call last):\n  File \"/Users/noone/QuLabInfinite/environmental_engineering_lab.py\", line 10, in <module>\n    from scipy.constants import pi, second\nImportError: cannot import name 'second' from 'scipy.constants' (/Users/noone/miniconda3/lib/python3.13/site-packages/scipy/constants/__init__.py)\n"
    },
    {
      "field": "Renewable Energy",
      "status": "success",
      "file": "/Users/noone/QuLabInfinite/renewable_energy_lab.py",
      "size": 3093,
      "time": 143.3396861553192
    },
    {
      "field": "Carbon Capture",
      "status": "success",
      "file": "/Users/noone/QuLabInfinite/carbon_capture_lab.py",
      "size": 3224,
      "time": 136.42581510543823
    },
    {
      "field": "Machine Learning",
      "status": "created_with_errors",
      "file": "/Users/noone/QuLabInfinite/machine_learning_lab.py",
      "error": "Traceback (most recent call last):\n  File \"/Users/noone/QuLabInfinite/machine_learning_lab.py\", line 81, in <module>\n    run_demo()\n    ~~~~~~~~^^\n  File \"/Users/noone/QuLabInfinite/machine_learning_lab.py\", line 76, in run_demo\n    model = NeuralNetwork()\n  File \"/Users/noone/QuLabInfinite/machine_learning_lab.py\", line 49, in __init__\n    self.layers.append(hidden_layer1)\n    ^^^^^^^^^^^\nAttributeError: 'NeuralNetwork' object has no attribute 'layers'\n"
    },
    {
      "field": "Deep Learning",
      "status": "created_with_errors",
      "file": "/Users/noone/QuLabInfinite/deep_learning_lab.py",
      "error": "Traceback (most recent call last):\n  File \"/Users/noone/QuLabInfinite/deep_learning_lab.py\", line 85, in <module>\n    run_demo()\n    ~~~~~~~~^^\n  File \"/Users/noone/QuLabInfinite/deep_learning_lab.py\", line 82, in run_demo\n    model.train(training_data, validation_data)\n    ~~~~~~~~~~~^^^^^^^^^^^^^^^^^^^^^^^^^^^^^^^^\n  File \"/Users/noone/QuLabInfinite/deep_learning_lab.py\", line 46, in train\n    for input_data, target_class in batch:\n        ^^^^^^^^^^^^^^^^^^^^^^^^\nTypeError: cannot unpack non-"
    },
    {
      "field": "Neural Networks",
      "status": "created_with_errors",
      "file": "/Users/noone/QuLabInfinite/neural_networks_lab.py",
      "error": "Traceback (most recent call last):\n  File \"/Users/noone/QuLabInfinite/neural_networks_lab.py\", line 95, in <module>\n    run_demo()\n    ~~~~~~~~^^\n  File \"/Users/noone/QuLabInfinite/neural_networks_lab.py\", line 81, in run_demo\n    nn = NeuralNetwork(config)\n  File \"<string>\", line 6, in __init__\n  File \"/Users/noone/QuLabInfinite/neural_networks_lab.py\", line 21, in __post_init__\n    self.weights = [np.random.randn(next_layer, prev_layer).astype(np.float64) for prev_layer, next_layer in zip([sel"
    },
    {
      "field": "Computer Vision",
      "status": "created_with_errors",
      "file": "/Users/noone/QuLabInfinite/computer_vision_lab.py",
      "error": "Traceback (most recent call last):\n  File \"/Users/noone/QuLabInfinite/computer_vision_lab.py\", line 103, in <module>\n    run_demo()\n    ~~~~~~~~^^\n  File \"/Users/noone/QuLabInfinite/computer_vision_lab.py\", line 87, in run_demo\n    ip = ImageProcessor('path/to/image.jpg')\n  File \"/Users/noone/QuLabInfinite/computer_vision_lab.py\", line 81, in __init__\n    self.image = np.array(Image.open(image_path), dtype=np.float64) / 255.0\n                          ^^^^^\nNameError: name 'Image' is not defined"
    },
    {
      "field": "Natural Language Processing",
      "status": "created_with_errors",
      "file": "/Users/noone/QuLabInfinite/natural_language_processing_lab.py",
      "error": "Traceback (most recent call last):\n  File \"/Users/noone/QuLabInfinite/natural_language_processing_lab.py\", line 57, in <module>\n    nlp.run_demo()\n    ~~~~~~~~~~~~^^\n  File \"/Users/noone/QuLabInfinite/natural_language_processing_lab.py\", line 46, in run_demo\n    self.analyze_corpus(sample_corpus)\n    ~~~~~~~~~~~~~~~~~~~^^^^^^^^^^^^^^^\n  File \"/Users/noone/QuLabInfinite/natural_language_processing_lab.py\", line 41, in analyze_corpus\n    self.data_store.append(self.create_dataclass_instance(docume"
    },
    {
      "field": "Cryptography",
      "status": "created_with_errors",
      "file": "/Users/noone/QuLabInfinite/cryptography_lab.py",
      "error": "Traceback (most recent call last):\n  File \"/Users/noone/QuLabInfinite/cryptography_lab.py\", line 141, in <module>\n    run_demo()\n    ~~~~~~~~^^\n  File \"/Users/noone/QuLabInfinite/cryptography_lab.py\", line 132, in run_demo\n    ciphertext = aes.encrypt(key ^ plaintext)\n  File \"/Users/noone/QuLabInfinite/cryptography_lab.py\", line 30, in encrypt\n    self._add_round_key(state)\n    ~~~~~~~~~~~~~~~~~~~^^^^^^^\n  File \"/Users/noone/QuLabInfinite/cryptography_lab.py\", line 63, in _add_round_key\n    stat"
    },
    {
      "field": "Algorithm Design",
      "status": "success",
      "file": "/Users/noone/QuLabInfinite/algorithm_design_lab.py",
      "size": 1737,
      "time": 76.38697504997253
    },
    {
      "field": "Quantum Computing",
      "status": "created_with_errors",
      "file": "/Users/noone/QuLabInfinite/quantum_computing_lab.py",
      "error": "  File \"/Users/noone/QuLabInfinite/quantum_computing_lab.py\", line 21\n    amplitudes: np.ndarray[dtype=np.complex128]\n                           ^^^^^^^^^^^^^^^^^^^\nSyntaxError: invalid syntax. Maybe you meant '==' or ':=' instead of '='?\n"
    },
    {
      "field": "Graph Theory",
      "status": "success",
      "file": "/Users/noone/QuLabInfinite/graph_theory_lab.py",
      "size": 11904,
      "time": 417.1872320175171
    },
    {
      "field": "Optimization Theory",
      "status": "success",
      "file": "/Users/noone/QuLabInfinite/optimization_theory_lab.py",
      "size": 2777,
      "time": 111.60660600662231
    }
  ]
}